[2020-02-05 15:37:53] local.ERROR: Class App\Http\Controllers\AdminController does not exist {"exception":"[object] (ReflectionException(code: -1): Class App\\Http\\Controllers\\AdminController does not exist at /home/geowan/Desktop/devapps/freelancer-projects/business_landing_v1/vendor/laravel/framework/src/Illuminate/Container/Container.php:788)
[stacktrace]
#0 /home/geowan/Desktop/devapps/freelancer-projects/business_landing_v1/vendor/laravel/framework/src/Illuminate/Container/Container.php(788): ReflectionClass->__construct()
#1 /home/geowan/Desktop/devapps/freelancer-projects/business_landing_v1/vendor/laravel/framework/src/Illuminate/Container/Container.php(667): Illuminate\\Container\\Container->build()
#2 /home/geowan/Desktop/devapps/freelancer-projects/business_landing_v1/vendor/laravel/framework/src/Illuminate/Container/Container.php(615): Illuminate\\Container\\Container->resolve()
#3 /home/geowan/Desktop/devapps/freelancer-projects/business_landing_v1/vendor/laravel/framework/src/Illuminate/Foundation/Application.php(767): Illuminate\\Container\\Container->make()
#4 /home/geowan/Desktop/devapps/freelancer-projects/business_landing_v1/vendor/laravel/framework/src/Illuminate/Routing/Route.php(233): Illuminate\\Foundation\\Application->make()
#5 /home/geowan/Desktop/devapps/freelancer-projects/business_landing_v1/vendor/laravel/framework/src/Illuminate/Routing/Route.php(833): Illuminate\\Routing\\Route->getController()
#6 /home/geowan/Desktop/devapps/freelancer-projects/business_landing_v1/vendor/laravel/framework/src/Illuminate/Routing/Route.php(794): Illuminate\\Routing\\Route->controllerMiddleware()
#7 /home/geowan/Desktop/devapps/freelancer-projects/business_landing_v1/vendor/laravel/framework/src/Illuminate/Routing/Router.php(693): Illuminate\\Routing\\Route->gatherMiddleware()
#8 /home/geowan/Desktop/devapps/freelancer-projects/business_landing_v1/vendor/laravel/framework/src/Illuminate/Routing/Router.php(673): Illuminate\\Routing\\Router->gatherRouteMiddleware()
#9 /home/geowan/Desktop/devapps/freelancer-projects/business_landing_v1/vendor/laravel/framework/src/Illuminate/Routing/Router.php(657): Illuminate\\Routing\\Router->runRouteWithinStack()
#10 /home/geowan/Desktop/devapps/freelancer-projects/business_landing_v1/vendor/laravel/framework/src/Illuminate/Routing/Router.php(623): Illuminate\\Routing\\Router->runRoute()
#11 /home/geowan/Desktop/devapps/freelancer-projects/business_landing_v1/vendor/laravel/framework/src/Illuminate/Routing/Router.php(612): Illuminate\\Routing\\Router->dispatchToRoute()
#12 /home/geowan/Desktop/devapps/freelancer-projects/business_landing_v1/vendor/laravel/framework/src/Illuminate/Foundation/Http/Kernel.php(176): Illuminate\\Routing\\Router->dispatch()
#13 /home/geowan/Desktop/devapps/freelancer-projects/business_landing_v1/vendor/laravel/framework/src/Illuminate/Routing/Pipeline.php(30): Illuminate\\Foundation\\Http\\Kernel->Illuminate\\Foundation\\Http\\{closure}()
#14 /home/geowan/Desktop/devapps/freelancer-projects/business_landing_v1/app/Http/Middleware/GenerateMenus.php(18): Illuminate\\Routing\\Pipeline->Illuminate\\Routing\\{closure}()
#15 /home/geowan/Desktop/devapps/freelancer-projects/business_landing_v1/vendor/laravel/framework/src/Illuminate/Pipeline/Pipeline.php(163): App\\Http\\Middleware\\GenerateMenus->handle()
#16 /home/geowan/Desktop/devapps/freelancer-projects/business_landing_v1/vendor/laravel/framework/src/Illuminate/Routing/Pipeline.php(53): Illuminate\\Pipeline\\Pipeline->Illuminate\\Pipeline\\{closure}()
#17 /home/geowan/Desktop/devapps/freelancer-projects/business_landing_v1/vendor/laravel/framework/src/Illuminate/Foundation/Http/Middleware/TransformsRequest.php(21): Illuminate\\Routing\\Pipeline->Illuminate\\Routing\\{closure}()
#18 /home/geowan/Desktop/devapps/freelancer-projects/business_landing_v1/vendor/laravel/framework/src/Illuminate/Pipeline/Pipeline.php(163): Illuminate\\Foundation\\Http\\Middleware\\TransformsRequest->handle()
#19 /home/geowan/Desktop/devapps/freelancer-projects/business_landing_v1/vendor/laravel/framework/src/Illuminate/Routing/Pipeline.php(53): Illuminate\\Pipeline\\Pipeline->Illuminate\\Pipeline\\{closure}()
#20 /home/geowan/Desktop/devapps/freelancer-projects/business_landing_v1/vendor/laravel/framework/src/Illuminate/Foundation/Http/Middleware/TransformsRequest.php(21): Illuminate\\Routing\\Pipeline->Illuminate\\Routing\\{closure}()
#21 /home/geowan/Desktop/devapps/freelancer-projects/business_landing_v1/vendor/laravel/framework/src/Illuminate/Pipeline/Pipeline.php(163): Illuminate\\Foundation\\Http\\Middleware\\TransformsRequest->handle()
#22 /home/geowan/Desktop/devapps/freelancer-projects/business_landing_v1/vendor/laravel/framework/src/Illuminate/Routing/Pipeline.php(53): Illuminate\\Pipeline\\Pipeline->Illuminate\\Pipeline\\{closure}()
#23 /home/geowan/Desktop/devapps/freelancer-projects/business_landing_v1/vendor/laravel/framework/src/Illuminate/Foundation/Http/Middleware/ValidatePostSize.php(27): Illuminate\\Routing\\Pipeline->Illuminate\\Routing\\{closure}()
#24 /home/geowan/Desktop/devapps/freelancer-projects/business_landing_v1/vendor/laravel/framework/src/Illuminate/Pipeline/Pipeline.php(163): Illuminate\\Foundation\\Http\\Middleware\\ValidatePostSize->handle()
#25 /home/geowan/Desktop/devapps/freelancer-projects/business_landing_v1/vendor/laravel/framework/src/Illuminate/Routing/Pipeline.php(53): Illuminate\\Pipeline\\Pipeline->Illuminate\\Pipeline\\{closure}()
#26 /home/geowan/Desktop/devapps/freelancer-projects/business_landing_v1/vendor/laravel/framework/src/Illuminate/Foundation/Http/Middleware/CheckForMaintenanceMode.php(62): Illuminate\\Routing\\Pipeline->Illuminate\\Routing\\{closure}()
#27 /home/geowan/Desktop/devapps/freelancer-projects/business_landing_v1/vendor/laravel/framework/src/Illuminate/Pipeline/Pipeline.php(163): Illuminate\\Foundation\\Http\\Middleware\\CheckForMaintenanceMode->handle()
#28 /home/geowan/Desktop/devapps/freelancer-projects/business_landing_v1/vendor/laravel/framework/src/Illuminate/Routing/Pipeline.php(53): Illuminate\\Pipeline\\Pipeline->Illuminate\\Pipeline\\{closure}()
#29 /home/geowan/Desktop/devapps/freelancer-projects/business_landing_v1/vendor/fideloper/proxy/src/TrustProxies.php(57): Illuminate\\Routing\\Pipeline->Illuminate\\Routing\\{closure}()
#30 /home/geowan/Desktop/devapps/freelancer-projects/business_landing_v1/vendor/laravel/framework/src/Illuminate/Pipeline/Pipeline.php(163): Fideloper\\Proxy\\TrustProxies->handle()
#31 /home/geowan/Desktop/devapps/freelancer-projects/business_landing_v1/vendor/laravel/framework/src/Illuminate/Routing/Pipeline.php(53): Illuminate\\Pipeline\\Pipeline->Illuminate\\Pipeline\\{closure}()
#32 /home/geowan/Desktop/devapps/freelancer-projects/business_landing_v1/vendor/laravel/framework/src/Illuminate/Pipeline/Pipeline.php(104): Illuminate\\Routing\\Pipeline->Illuminate\\Routing\\{closure}()
#33 /home/geowan/Desktop/devapps/freelancer-projects/business_landing_v1/vendor/laravel/framework/src/Illuminate/Foundation/Http/Kernel.php(151): Illuminate\\Pipeline\\Pipeline->then()
#34 /home/geowan/Desktop/devapps/freelancer-projects/business_landing_v1/vendor/laravel/framework/src/Illuminate/Foundation/Http/Kernel.php(116): Illuminate\\Foundation\\Http\\Kernel->sendRequestThroughRouter()
#35 /home/geowan/Desktop/devapps/freelancer-projects/business_landing_v1/public/index.php(55): Illuminate\\Foundation\\Http\\Kernel->handle()
#36 {main}
"} 
[2020-02-05 15:37:53] local.ERROR: Class App\Http\Controllers\AdminController does not exist {"exception":"[object] (ReflectionException(code: -1): Class App\\Http\\Controllers\\AdminController does not exist at /home/geowan/Desktop/devapps/freelancer-projects/business_landing_v1/vendor/laravel/framework/src/Illuminate/Container/Container.php:788)
[stacktrace]
#0 /home/geowan/Desktop/devapps/freelancer-projects/business_landing_v1/vendor/laravel/framework/src/Illuminate/Container/Container.php(788): ReflectionClass->__construct()
#1 /home/geowan/Desktop/devapps/freelancer-projects/business_landing_v1/vendor/laravel/framework/src/Illuminate/Container/Container.php(667): Illuminate\\Container\\Container->build()
#2 /home/geowan/Desktop/devapps/freelancer-projects/business_landing_v1/vendor/laravel/framework/src/Illuminate/Container/Container.php(615): Illuminate\\Container\\Container->resolve()
#3 /home/geowan/Desktop/devapps/freelancer-projects/business_landing_v1/vendor/laravel/framework/src/Illuminate/Foundation/Application.php(767): Illuminate\\Container\\Container->make()
#4 /home/geowan/Desktop/devapps/freelancer-projects/business_landing_v1/vendor/laravel/framework/src/Illuminate/Routing/Route.php(233): Illuminate\\Foundation\\Application->make()
#5 /home/geowan/Desktop/devapps/freelancer-projects/business_landing_v1/vendor/laravel/framework/src/Illuminate/Routing/Route.php(833): Illuminate\\Routing\\Route->getController()
#6 /home/geowan/Desktop/devapps/freelancer-projects/business_landing_v1/vendor/laravel/framework/src/Illuminate/Routing/Route.php(794): Illuminate\\Routing\\Route->controllerMiddleware()
#7 /home/geowan/Desktop/devapps/freelancer-projects/business_landing_v1/vendor/laravel/framework/src/Illuminate/Routing/Router.php(693): Illuminate\\Routing\\Route->gatherMiddleware()
#8 /home/geowan/Desktop/devapps/freelancer-projects/business_landing_v1/vendor/laravel/framework/src/Illuminate/Routing/Router.php(673): Illuminate\\Routing\\Router->gatherRouteMiddleware()
#9 /home/geowan/Desktop/devapps/freelancer-projects/business_landing_v1/vendor/laravel/framework/src/Illuminate/Routing/Router.php(657): Illuminate\\Routing\\Router->runRouteWithinStack()
#10 /home/geowan/Desktop/devapps/freelancer-projects/business_landing_v1/vendor/laravel/framework/src/Illuminate/Routing/Router.php(623): Illuminate\\Routing\\Router->runRoute()
#11 /home/geowan/Desktop/devapps/freelancer-projects/business_landing_v1/vendor/laravel/framework/src/Illuminate/Routing/Router.php(612): Illuminate\\Routing\\Router->dispatchToRoute()
#12 /home/geowan/Desktop/devapps/freelancer-projects/business_landing_v1/vendor/laravel/framework/src/Illuminate/Foundation/Http/Kernel.php(176): Illuminate\\Routing\\Router->dispatch()
#13 /home/geowan/Desktop/devapps/freelancer-projects/business_landing_v1/vendor/laravel/framework/src/Illuminate/Routing/Pipeline.php(30): Illuminate\\Foundation\\Http\\Kernel->Illuminate\\Foundation\\Http\\{closure}()
#14 /home/geowan/Desktop/devapps/freelancer-projects/business_landing_v1/app/Http/Middleware/GenerateMenus.php(18): Illuminate\\Routing\\Pipeline->Illuminate\\Routing\\{closure}()
#15 /home/geowan/Desktop/devapps/freelancer-projects/business_landing_v1/vendor/laravel/framework/src/Illuminate/Pipeline/Pipeline.php(163): App\\Http\\Middleware\\GenerateMenus->handle()
#16 /home/geowan/Desktop/devapps/freelancer-projects/business_landing_v1/vendor/laravel/framework/src/Illuminate/Routing/Pipeline.php(53): Illuminate\\Pipeline\\Pipeline->Illuminate\\Pipeline\\{closure}()
#17 /home/geowan/Desktop/devapps/freelancer-projects/business_landing_v1/vendor/laravel/framework/src/Illuminate/Foundation/Http/Middleware/TransformsRequest.php(21): Illuminate\\Routing\\Pipeline->Illuminate\\Routing\\{closure}()
#18 /home/geowan/Desktop/devapps/freelancer-projects/business_landing_v1/vendor/laravel/framework/src/Illuminate/Pipeline/Pipeline.php(163): Illuminate\\Foundation\\Http\\Middleware\\TransformsRequest->handle()
#19 /home/geowan/Desktop/devapps/freelancer-projects/business_landing_v1/vendor/laravel/framework/src/Illuminate/Routing/Pipeline.php(53): Illuminate\\Pipeline\\Pipeline->Illuminate\\Pipeline\\{closure}()
#20 /home/geowan/Desktop/devapps/freelancer-projects/business_landing_v1/vendor/laravel/framework/src/Illuminate/Foundation/Http/Middleware/TransformsRequest.php(21): Illuminate\\Routing\\Pipeline->Illuminate\\Routing\\{closure}()
#21 /home/geowan/Desktop/devapps/freelancer-projects/business_landing_v1/vendor/laravel/framework/src/Illuminate/Pipeline/Pipeline.php(163): Illuminate\\Foundation\\Http\\Middleware\\TransformsRequest->handle()
#22 /home/geowan/Desktop/devapps/freelancer-projects/business_landing_v1/vendor/laravel/framework/src/Illuminate/Routing/Pipeline.php(53): Illuminate\\Pipeline\\Pipeline->Illuminate\\Pipeline\\{closure}()
#23 /home/geowan/Desktop/devapps/freelancer-projects/business_landing_v1/vendor/laravel/framework/src/Illuminate/Foundation/Http/Middleware/ValidatePostSize.php(27): Illuminate\\Routing\\Pipeline->Illuminate\\Routing\\{closure}()
#24 /home/geowan/Desktop/devapps/freelancer-projects/business_landing_v1/vendor/laravel/framework/src/Illuminate/Pipeline/Pipeline.php(163): Illuminate\\Foundation\\Http\\Middleware\\ValidatePostSize->handle()
#25 /home/geowan/Desktop/devapps/freelancer-projects/business_landing_v1/vendor/laravel/framework/src/Illuminate/Routing/Pipeline.php(53): Illuminate\\Pipeline\\Pipeline->Illuminate\\Pipeline\\{closure}()
#26 /home/geowan/Desktop/devapps/freelancer-projects/business_landing_v1/vendor/laravel/framework/src/Illuminate/Foundation/Http/Middleware/CheckForMaintenanceMode.php(62): Illuminate\\Routing\\Pipeline->Illuminate\\Routing\\{closure}()
#27 /home/geowan/Desktop/devapps/freelancer-projects/business_landing_v1/vendor/laravel/framework/src/Illuminate/Pipeline/Pipeline.php(163): Illuminate\\Foundation\\Http\\Middleware\\CheckForMaintenanceMode->handle()
#28 /home/geowan/Desktop/devapps/freelancer-projects/business_landing_v1/vendor/laravel/framework/src/Illuminate/Routing/Pipeline.php(53): Illuminate\\Pipeline\\Pipeline->Illuminate\\Pipeline\\{closure}()
#29 /home/geowan/Desktop/devapps/freelancer-projects/business_landing_v1/vendor/fideloper/proxy/src/TrustProxies.php(57): Illuminate\\Routing\\Pipeline->Illuminate\\Routing\\{closure}()
#30 /home/geowan/Desktop/devapps/freelancer-projects/business_landing_v1/vendor/laravel/framework/src/Illuminate/Pipeline/Pipeline.php(163): Fideloper\\Proxy\\TrustProxies->handle()
#31 /home/geowan/Desktop/devapps/freelancer-projects/business_landing_v1/vendor/laravel/framework/src/Illuminate/Routing/Pipeline.php(53): Illuminate\\Pipeline\\Pipeline->Illuminate\\Pipeline\\{closure}()
#32 /home/geowan/Desktop/devapps/freelancer-projects/business_landing_v1/vendor/laravel/framework/src/Illuminate/Pipeline/Pipeline.php(104): Illuminate\\Routing\\Pipeline->Illuminate\\Routing\\{closure}()
#33 /home/geowan/Desktop/devapps/freelancer-projects/business_landing_v1/vendor/laravel/framework/src/Illuminate/Foundation/Http/Kernel.php(151): Illuminate\\Pipeline\\Pipeline->then()
#34 /home/geowan/Desktop/devapps/freelancer-projects/business_landing_v1/vendor/laravel/framework/src/Illuminate/Foundation/Http/Kernel.php(116): Illuminate\\Foundation\\Http\\Kernel->sendRequestThroughRouter()
#35 /home/geowan/Desktop/devapps/freelancer-projects/business_landing_v1/public/index.php(55): Illuminate\\Foundation\\Http\\Kernel->handle()
#36 {main}
"} 
[2020-02-05 21:26:48] local.ERROR: Class App\Http\Controllers\AdminController does not exist {"exception":"[object] (ReflectionException(code: -1): Class App\\Http\\Controllers\\AdminController does not exist at /home/geowan/Desktop/devapps/freelancer-projects/business_landing_v1/vendor/laravel/framework/src/Illuminate/Container/Container.php:788)
[stacktrace]
#0 /home/geowan/Desktop/devapps/freelancer-projects/business_landing_v1/vendor/laravel/framework/src/Illuminate/Container/Container.php(788): ReflectionClass->__construct()
#1 /home/geowan/Desktop/devapps/freelancer-projects/business_landing_v1/vendor/laravel/framework/src/Illuminate/Container/Container.php(667): Illuminate\\Container\\Container->build()
#2 /home/geowan/Desktop/devapps/freelancer-projects/business_landing_v1/vendor/laravel/framework/src/Illuminate/Container/Container.php(615): Illuminate\\Container\\Container->resolve()
#3 /home/geowan/Desktop/devapps/freelancer-projects/business_landing_v1/vendor/laravel/framework/src/Illuminate/Foundation/Application.php(767): Illuminate\\Container\\Container->make()
#4 /home/geowan/Desktop/devapps/freelancer-projects/business_landing_v1/vendor/laravel/framework/src/Illuminate/Routing/Route.php(233): Illuminate\\Foundation\\Application->make()
#5 /home/geowan/Desktop/devapps/freelancer-projects/business_landing_v1/vendor/laravel/framework/src/Illuminate/Routing/Route.php(833): Illuminate\\Routing\\Route->getController()
#6 /home/geowan/Desktop/devapps/freelancer-projects/business_landing_v1/vendor/laravel/framework/src/Illuminate/Routing/Route.php(794): Illuminate\\Routing\\Route->controllerMiddleware()
#7 /home/geowan/Desktop/devapps/freelancer-projects/business_landing_v1/vendor/laravel/framework/src/Illuminate/Routing/Router.php(693): Illuminate\\Routing\\Route->gatherMiddleware()
#8 /home/geowan/Desktop/devapps/freelancer-projects/business_landing_v1/vendor/laravel/framework/src/Illuminate/Routing/Router.php(673): Illuminate\\Routing\\Router->gatherRouteMiddleware()
#9 /home/geowan/Desktop/devapps/freelancer-projects/business_landing_v1/vendor/laravel/framework/src/Illuminate/Routing/Router.php(657): Illuminate\\Routing\\Router->runRouteWithinStack()
#10 /home/geowan/Desktop/devapps/freelancer-projects/business_landing_v1/vendor/laravel/framework/src/Illuminate/Routing/Router.php(623): Illuminate\\Routing\\Router->runRoute()
#11 /home/geowan/Desktop/devapps/freelancer-projects/business_landing_v1/vendor/laravel/framework/src/Illuminate/Routing/Router.php(612): Illuminate\\Routing\\Router->dispatchToRoute()
#12 /home/geowan/Desktop/devapps/freelancer-projects/business_landing_v1/vendor/laravel/framework/src/Illuminate/Foundation/Http/Kernel.php(176): Illuminate\\Routing\\Router->dispatch()
#13 /home/geowan/Desktop/devapps/freelancer-projects/business_landing_v1/vendor/laravel/framework/src/Illuminate/Routing/Pipeline.php(30): Illuminate\\Foundation\\Http\\Kernel->Illuminate\\Foundation\\Http\\{closure}()
#14 /home/geowan/Desktop/devapps/freelancer-projects/business_landing_v1/app/Http/Middleware/GenerateMenus.php(18): Illuminate\\Routing\\Pipeline->Illuminate\\Routing\\{closure}()
#15 /home/geowan/Desktop/devapps/freelancer-projects/business_landing_v1/vendor/laravel/framework/src/Illuminate/Pipeline/Pipeline.php(163): App\\Http\\Middleware\\GenerateMenus->handle()
#16 /home/geowan/Desktop/devapps/freelancer-projects/business_landing_v1/vendor/laravel/framework/src/Illuminate/Routing/Pipeline.php(53): Illuminate\\Pipeline\\Pipeline->Illuminate\\Pipeline\\{closure}()
#17 /home/geowan/Desktop/devapps/freelancer-projects/business_landing_v1/vendor/laravel/framework/src/Illuminate/Foundation/Http/Middleware/TransformsRequest.php(21): Illuminate\\Routing\\Pipeline->Illuminate\\Routing\\{closure}()
#18 /home/geowan/Desktop/devapps/freelancer-projects/business_landing_v1/vendor/laravel/framework/src/Illuminate/Pipeline/Pipeline.php(163): Illuminate\\Foundation\\Http\\Middleware\\TransformsRequest->handle()
#19 /home/geowan/Desktop/devapps/freelancer-projects/business_landing_v1/vendor/laravel/framework/src/Illuminate/Routing/Pipeline.php(53): Illuminate\\Pipeline\\Pipeline->Illuminate\\Pipeline\\{closure}()
#20 /home/geowan/Desktop/devapps/freelancer-projects/business_landing_v1/vendor/laravel/framework/src/Illuminate/Foundation/Http/Middleware/TransformsRequest.php(21): Illuminate\\Routing\\Pipeline->Illuminate\\Routing\\{closure}()
#21 /home/geowan/Desktop/devapps/freelancer-projects/business_landing_v1/vendor/laravel/framework/src/Illuminate/Pipeline/Pipeline.php(163): Illuminate\\Foundation\\Http\\Middleware\\TransformsRequest->handle()
#22 /home/geowan/Desktop/devapps/freelancer-projects/business_landing_v1/vendor/laravel/framework/src/Illuminate/Routing/Pipeline.php(53): Illuminate\\Pipeline\\Pipeline->Illuminate\\Pipeline\\{closure}()
#23 /home/geowan/Desktop/devapps/freelancer-projects/business_landing_v1/vendor/laravel/framework/src/Illuminate/Foundation/Http/Middleware/ValidatePostSize.php(27): Illuminate\\Routing\\Pipeline->Illuminate\\Routing\\{closure}()
#24 /home/geowan/Desktop/devapps/freelancer-projects/business_landing_v1/vendor/laravel/framework/src/Illuminate/Pipeline/Pipeline.php(163): Illuminate\\Foundation\\Http\\Middleware\\ValidatePostSize->handle()
#25 /home/geowan/Desktop/devapps/freelancer-projects/business_landing_v1/vendor/laravel/framework/src/Illuminate/Routing/Pipeline.php(53): Illuminate\\Pipeline\\Pipeline->Illuminate\\Pipeline\\{closure}()
#26 /home/geowan/Desktop/devapps/freelancer-projects/business_landing_v1/vendor/laravel/framework/src/Illuminate/Foundation/Http/Middleware/CheckForMaintenanceMode.php(62): Illuminate\\Routing\\Pipeline->Illuminate\\Routing\\{closure}()
#27 /home/geowan/Desktop/devapps/freelancer-projects/business_landing_v1/vendor/laravel/framework/src/Illuminate/Pipeline/Pipeline.php(163): Illuminate\\Foundation\\Http\\Middleware\\CheckForMaintenanceMode->handle()
#28 /home/geowan/Desktop/devapps/freelancer-projects/business_landing_v1/vendor/laravel/framework/src/Illuminate/Routing/Pipeline.php(53): Illuminate\\Pipeline\\Pipeline->Illuminate\\Pipeline\\{closure}()
#29 /home/geowan/Desktop/devapps/freelancer-projects/business_landing_v1/vendor/fideloper/proxy/src/TrustProxies.php(57): Illuminate\\Routing\\Pipeline->Illuminate\\Routing\\{closure}()
#30 /home/geowan/Desktop/devapps/freelancer-projects/business_landing_v1/vendor/laravel/framework/src/Illuminate/Pipeline/Pipeline.php(163): Fideloper\\Proxy\\TrustProxies->handle()
#31 /home/geowan/Desktop/devapps/freelancer-projects/business_landing_v1/vendor/laravel/framework/src/Illuminate/Routing/Pipeline.php(53): Illuminate\\Pipeline\\Pipeline->Illuminate\\Pipeline\\{closure}()
#32 /home/geowan/Desktop/devapps/freelancer-projects/business_landing_v1/vendor/laravel/framework/src/Illuminate/Pipeline/Pipeline.php(104): Illuminate\\Routing\\Pipeline->Illuminate\\Routing\\{closure}()
#33 /home/geowan/Desktop/devapps/freelancer-projects/business_landing_v1/vendor/laravel/framework/src/Illuminate/Foundation/Http/Kernel.php(151): Illuminate\\Pipeline\\Pipeline->then()
#34 /home/geowan/Desktop/devapps/freelancer-projects/business_landing_v1/vendor/laravel/framework/src/Illuminate/Foundation/Http/Kernel.php(116): Illuminate\\Foundation\\Http\\Kernel->sendRequestThroughRouter()
#35 /home/geowan/Desktop/devapps/freelancer-projects/business_landing_v1/public/index.php(55): Illuminate\\Foundation\\Http\\Kernel->handle()
#36 {main}
"} 
[2020-02-05 21:54:09] local.ERROR: The Response content must be a string or object implementing __toString(), "object" given. {"exception":"[object] (UnexpectedValueException(code: 0): The Response content must be a string or object implementing __toString(), \"object\" given. at /home/geowan/Desktop/devapps/freelancer-projects/business_landing_v1/vendor/symfony/http-foundation/Response.php:401)
[stacktrace]
#0 /home/geowan/Desktop/devapps/freelancer-projects/business_landing_v1/vendor/laravel/framework/src/Illuminate/Http/Response.php(45): Symfony\\Component\\HttpFoundation\\Response->setContent()
#1 /home/geowan/Desktop/devapps/freelancer-projects/business_landing_v1/vendor/symfony/http-foundation/Response.php(202): Illuminate\\Http\\Response->setContent()
#2 /home/geowan/Desktop/devapps/freelancer-projects/business_landing_v1/vendor/laravel/framework/src/Illuminate/Routing/Router.php(748): Symfony\\Component\\HttpFoundation\\Response->__construct()
#3 /home/geowan/Desktop/devapps/freelancer-projects/business_landing_v1/vendor/laravel/framework/src/Illuminate/Routing/Router.php(720): Illuminate\\Routing\\Router::toResponse()
#4 /home/geowan/Desktop/devapps/freelancer-projects/business_landing_v1/vendor/laravel/framework/src/Illuminate/Routing/Router.php(680): Illuminate\\Routing\\Router->prepareResponse()
#5 /home/geowan/Desktop/devapps/freelancer-projects/business_landing_v1/vendor/laravel/framework/src/Illuminate/Routing/Pipeline.php(30): Illuminate\\Routing\\Router->Illuminate\\Routing\\{closure}()
#6 /home/geowan/Desktop/devapps/freelancer-projects/business_landing_v1/vendor/laravel/framework/src/Illuminate/Routing/Middleware/SubstituteBindings.php(41): Illuminate\\Routing\\Pipeline->Illuminate\\Routing\\{closure}()
#7 /home/geowan/Desktop/devapps/freelancer-projects/business_landing_v1/vendor/laravel/framework/src/Illuminate/Pipeline/Pipeline.php(163): Illuminate\\Routing\\Middleware\\SubstituteBindings->handle()
#8 /home/geowan/Desktop/devapps/freelancer-projects/business_landing_v1/vendor/laravel/framework/src/Illuminate/Routing/Pipeline.php(53): Illuminate\\Pipeline\\Pipeline->Illuminate\\Pipeline\\{closure}()
#9 /home/geowan/Desktop/devapps/freelancer-projects/business_landing_v1/vendor/laravel/framework/src/Illuminate/Foundation/Http/Middleware/VerifyCsrfToken.php(75): Illuminate\\Routing\\Pipeline->Illuminate\\Routing\\{closure}()
#10 /home/geowan/Desktop/devapps/freelancer-projects/business_landing_v1/vendor/laravel/framework/src/Illuminate/Pipeline/Pipeline.php(163): Illuminate\\Foundation\\Http\\Middleware\\VerifyCsrfToken->handle()
#11 /home/geowan/Desktop/devapps/freelancer-projects/business_landing_v1/vendor/laravel/framework/src/Illuminate/Routing/Pipeline.php(53): Illuminate\\Pipeline\\Pipeline->Illuminate\\Pipeline\\{closure}()
#12 /home/geowan/Desktop/devapps/freelancer-projects/business_landing_v1/vendor/laravel/framework/src/Illuminate/View/Middleware/ShareErrorsFromSession.php(49): Illuminate\\Routing\\Pipeline->Illuminate\\Routing\\{closure}()
#13 /home/geowan/Desktop/devapps/freelancer-projects/business_landing_v1/vendor/laravel/framework/src/Illuminate/Pipeline/Pipeline.php(163): Illuminate\\View\\Middleware\\ShareErrorsFromSession->handle()
#14 /home/geowan/Desktop/devapps/freelancer-projects/business_landing_v1/vendor/laravel/framework/src/Illuminate/Routing/Pipeline.php(53): Illuminate\\Pipeline\\Pipeline->Illuminate\\Pipeline\\{closure}()
#15 /home/geowan/Desktop/devapps/freelancer-projects/business_landing_v1/vendor/laravel/framework/src/Illuminate/Session/Middleware/StartSession.php(56): Illuminate\\Routing\\Pipeline->Illuminate\\Routing\\{closure}()
#16 /home/geowan/Desktop/devapps/freelancer-projects/business_landing_v1/vendor/laravel/framework/src/Illuminate/Pipeline/Pipeline.php(163): Illuminate\\Session\\Middleware\\StartSession->handle()
#17 /home/geowan/Desktop/devapps/freelancer-projects/business_landing_v1/vendor/laravel/framework/src/Illuminate/Routing/Pipeline.php(53): Illuminate\\Pipeline\\Pipeline->Illuminate\\Pipeline\\{closure}()
#18 /home/geowan/Desktop/devapps/freelancer-projects/business_landing_v1/vendor/laravel/framework/src/Illuminate/Cookie/Middleware/AddQueuedCookiesToResponse.php(37): Illuminate\\Routing\\Pipeline->Illuminate\\Routing\\{closure}()
#19 /home/geowan/Desktop/devapps/freelancer-projects/business_landing_v1/vendor/laravel/framework/src/Illuminate/Pipeline/Pipeline.php(163): Illuminate\\Cookie\\Middleware\\AddQueuedCookiesToResponse->handle()
#20 /home/geowan/Desktop/devapps/freelancer-projects/business_landing_v1/vendor/laravel/framework/src/Illuminate/Routing/Pipeline.php(53): Illuminate\\Pipeline\\Pipeline->Illuminate\\Pipeline\\{closure}()
#21 /home/geowan/Desktop/devapps/freelancer-projects/business_landing_v1/vendor/laravel/framework/src/Illuminate/Cookie/Middleware/EncryptCookies.php(66): Illuminate\\Routing\\Pipeline->Illuminate\\Routing\\{closure}()
#22 /home/geowan/Desktop/devapps/freelancer-projects/business_landing_v1/vendor/laravel/framework/src/Illuminate/Pipeline/Pipeline.php(163): Illuminate\\Cookie\\Middleware\\EncryptCookies->handle()
#23 /home/geowan/Desktop/devapps/freelancer-projects/business_landing_v1/vendor/laravel/framework/src/Illuminate/Routing/Pipeline.php(53): Illuminate\\Pipeline\\Pipeline->Illuminate\\Pipeline\\{closure}()
#24 /home/geowan/Desktop/devapps/freelancer-projects/business_landing_v1/vendor/laravel/framework/src/Illuminate/Pipeline/Pipeline.php(104): Illuminate\\Routing\\Pipeline->Illuminate\\Routing\\{closure}()
#25 /home/geowan/Desktop/devapps/freelancer-projects/business_landing_v1/vendor/laravel/framework/src/Illuminate/Routing/Router.php(682): Illuminate\\Pipeline\\Pipeline->then()
#26 /home/geowan/Desktop/devapps/freelancer-projects/business_landing_v1/vendor/laravel/framework/src/Illuminate/Routing/Router.php(657): Illuminate\\Routing\\Router->runRouteWithinStack()
#27 /home/geowan/Desktop/devapps/freelancer-projects/business_landing_v1/vendor/laravel/framework/src/Illuminate/Routing/Router.php(623): Illuminate\\Routing\\Router->runRoute()
#28 /home/geowan/Desktop/devapps/freelancer-projects/business_landing_v1/vendor/laravel/framework/src/Illuminate/Routing/Router.php(612): Illuminate\\Routing\\Router->dispatchToRoute()
#29 /home/geowan/Desktop/devapps/freelancer-projects/business_landing_v1/vendor/laravel/framework/src/Illuminate/Foundation/Http/Kernel.php(176): Illuminate\\Routing\\Router->dispatch()
#30 /home/geowan/Desktop/devapps/freelancer-projects/business_landing_v1/vendor/laravel/framework/src/Illuminate/Routing/Pipeline.php(30): Illuminate\\Foundation\\Http\\Kernel->Illuminate\\Foundation\\Http\\{closure}()
#31 /home/geowan/Desktop/devapps/freelancer-projects/business_landing_v1/app/Http/Middleware/GenerateMenus.php(18): Illuminate\\Routing\\Pipeline->Illuminate\\Routing\\{closure}()
#32 /home/geowan/Desktop/devapps/freelancer-projects/business_landing_v1/vendor/laravel/framework/src/Illuminate/Pipeline/Pipeline.php(163): App\\Http\\Middleware\\GenerateMenus->handle()
#33 /home/geowan/Desktop/devapps/freelancer-projects/business_landing_v1/vendor/laravel/framework/src/Illuminate/Routing/Pipeline.php(53): Illuminate\\Pipeline\\Pipeline->Illuminate\\Pipeline\\{closure}()
#34 /home/geowan/Desktop/devapps/freelancer-projects/business_landing_v1/vendor/laravel/framework/src/Illuminate/Foundation/Http/Middleware/TransformsRequest.php(21): Illuminate\\Routing\\Pipeline->Illuminate\\Routing\\{closure}()
#35 /home/geowan/Desktop/devapps/freelancer-projects/business_landing_v1/vendor/laravel/framework/src/Illuminate/Pipeline/Pipeline.php(163): Illuminate\\Foundation\\Http\\Middleware\\TransformsRequest->handle()
#36 /home/geowan/Desktop/devapps/freelancer-projects/business_landing_v1/vendor/laravel/framework/src/Illuminate/Routing/Pipeline.php(53): Illuminate\\Pipeline\\Pipeline->Illuminate\\Pipeline\\{closure}()
#37 /home/geowan/Desktop/devapps/freelancer-projects/business_landing_v1/vendor/laravel/framework/src/Illuminate/Foundation/Http/Middleware/TransformsRequest.php(21): Illuminate\\Routing\\Pipeline->Illuminate\\Routing\\{closure}()
#38 /home/geowan/Desktop/devapps/freelancer-projects/business_landing_v1/vendor/laravel/framework/src/Illuminate/Pipeline/Pipeline.php(163): Illuminate\\Foundation\\Http\\Middleware\\TransformsRequest->handle()
#39 /home/geowan/Desktop/devapps/freelancer-projects/business_landing_v1/vendor/laravel/framework/src/Illuminate/Routing/Pipeline.php(53): Illuminate\\Pipeline\\Pipeline->Illuminate\\Pipeline\\{closure}()
#40 /home/geowan/Desktop/devapps/freelancer-projects/business_landing_v1/vendor/laravel/framework/src/Illuminate/Foundation/Http/Middleware/ValidatePostSize.php(27): Illuminate\\Routing\\Pipeline->Illuminate\\Routing\\{closure}()
#41 /home/geowan/Desktop/devapps/freelancer-projects/business_landing_v1/vendor/laravel/framework/src/Illuminate/Pipeline/Pipeline.php(163): Illuminate\\Foundation\\Http\\Middleware\\ValidatePostSize->handle()
#42 /home/geowan/Desktop/devapps/freelancer-projects/business_landing_v1/vendor/laravel/framework/src/Illuminate/Routing/Pipeline.php(53): Illuminate\\Pipeline\\Pipeline->Illuminate\\Pipeline\\{closure}()
#43 /home/geowan/Desktop/devapps/freelancer-projects/business_landing_v1/vendor/laravel/framework/src/Illuminate/Foundation/Http/Middleware/CheckForMaintenanceMode.php(62): Illuminate\\Routing\\Pipeline->Illuminate\\Routing\\{closure}()
#44 /home/geowan/Desktop/devapps/freelancer-projects/business_landing_v1/vendor/laravel/framework/src/Illuminate/Pipeline/Pipeline.php(163): Illuminate\\Foundation\\Http\\Middleware\\CheckForMaintenanceMode->handle()
#45 /home/geowan/Desktop/devapps/freelancer-projects/business_landing_v1/vendor/laravel/framework/src/Illuminate/Routing/Pipeline.php(53): Illuminate\\Pipeline\\Pipeline->Illuminate\\Pipeline\\{closure}()
#46 /home/geowan/Desktop/devapps/freelancer-projects/business_landing_v1/vendor/fideloper/proxy/src/TrustProxies.php(57): Illuminate\\Routing\\Pipeline->Illuminate\\Routing\\{closure}()
#47 /home/geowan/Desktop/devapps/freelancer-projects/business_landing_v1/vendor/laravel/framework/src/Illuminate/Pipeline/Pipeline.php(163): Fideloper\\Proxy\\TrustProxies->handle()
#48 /home/geowan/Desktop/devapps/freelancer-projects/business_landing_v1/vendor/laravel/framework/src/Illuminate/Routing/Pipeline.php(53): Illuminate\\Pipeline\\Pipeline->Illuminate\\Pipeline\\{closure}()
#49 /home/geowan/Desktop/devapps/freelancer-projects/business_landing_v1/vendor/laravel/framework/src/Illuminate/Pipeline/Pipeline.php(104): Illuminate\\Routing\\Pipeline->Illuminate\\Routing\\{closure}()
#50 /home/geowan/Desktop/devapps/freelancer-projects/business_landing_v1/vendor/laravel/framework/src/Illuminate/Foundation/Http/Kernel.php(151): Illuminate\\Pipeline\\Pipeline->then()
#51 /home/geowan/Desktop/devapps/freelancer-projects/business_landing_v1/vendor/laravel/framework/src/Illuminate/Foundation/Http/Kernel.php(116): Illuminate\\Foundation\\Http\\Kernel->sendRequestThroughRouter()
#52 /home/geowan/Desktop/devapps/freelancer-projects/business_landing_v1/public/index.php(55): Illuminate\\Foundation\\Http\\Kernel->handle()
#53 {main}
"} 
[2020-02-05 21:54:37] local.ERROR: The Response content must be a string or object implementing __toString(), "object" given. {"exception":"[object] (UnexpectedValueException(code: 0): The Response content must be a string or object implementing __toString(), \"object\" given. at /home/geowan/Desktop/devapps/freelancer-projects/business_landing_v1/vendor/symfony/http-foundation/Response.php:401)
[stacktrace]
#0 /home/geowan/Desktop/devapps/freelancer-projects/business_landing_v1/vendor/laravel/framework/src/Illuminate/Http/Response.php(45): Symfony\\Component\\HttpFoundation\\Response->setContent()
#1 /home/geowan/Desktop/devapps/freelancer-projects/business_landing_v1/vendor/symfony/http-foundation/Response.php(202): Illuminate\\Http\\Response->setContent()
#2 /home/geowan/Desktop/devapps/freelancer-projects/business_landing_v1/vendor/laravel/framework/src/Illuminate/Routing/ResponseFactory.php(55): Symfony\\Component\\HttpFoundation\\Response->__construct()
#3 /home/geowan/Desktop/devapps/freelancer-projects/business_landing_v1/vendor/laravel/framework/src/Illuminate/Foundation/helpers.php(767): Illuminate\\Routing\\ResponseFactory->make()
#4 /home/geowan/Desktop/devapps/freelancer-projects/business_landing_v1/app/Http/Controllers/TransactionHistoryController.php(13): response()
#5 [internal function]: App\\Http\\Controllers\\TransactionHistoryController->getHistory()
#6 /home/geowan/Desktop/devapps/freelancer-projects/business_landing_v1/vendor/laravel/framework/src/Illuminate/Routing/Controller.php(54): call_user_func_array()
#7 /home/geowan/Desktop/devapps/freelancer-projects/business_landing_v1/vendor/laravel/framework/src/Illuminate/Routing/ControllerDispatcher.php(45): Illuminate\\Routing\\Controller->callAction()
#8 /home/geowan/Desktop/devapps/freelancer-projects/business_landing_v1/vendor/laravel/framework/src/Illuminate/Routing/Route.php(219): Illuminate\\Routing\\ControllerDispatcher->dispatch()
#9 /home/geowan/Desktop/devapps/freelancer-projects/business_landing_v1/vendor/laravel/framework/src/Illuminate/Routing/Route.php(176): Illuminate\\Routing\\Route->runController()
#10 /home/geowan/Desktop/devapps/freelancer-projects/business_landing_v1/vendor/laravel/framework/src/Illuminate/Routing/Router.php(680): Illuminate\\Routing\\Route->run()
#11 /home/geowan/Desktop/devapps/freelancer-projects/business_landing_v1/vendor/laravel/framework/src/Illuminate/Routing/Pipeline.php(30): Illuminate\\Routing\\Router->Illuminate\\Routing\\{closure}()
#12 /home/geowan/Desktop/devapps/freelancer-projects/business_landing_v1/vendor/laravel/framework/src/Illuminate/Routing/Middleware/SubstituteBindings.php(41): Illuminate\\Routing\\Pipeline->Illuminate\\Routing\\{closure}()
#13 /home/geowan/Desktop/devapps/freelancer-projects/business_landing_v1/vendor/laravel/framework/src/Illuminate/Pipeline/Pipeline.php(163): Illuminate\\Routing\\Middleware\\SubstituteBindings->handle()
#14 /home/geowan/Desktop/devapps/freelancer-projects/business_landing_v1/vendor/laravel/framework/src/Illuminate/Routing/Pipeline.php(53): Illuminate\\Pipeline\\Pipeline->Illuminate\\Pipeline\\{closure}()
#15 /home/geowan/Desktop/devapps/freelancer-projects/business_landing_v1/vendor/laravel/framework/src/Illuminate/Foundation/Http/Middleware/VerifyCsrfToken.php(75): Illuminate\\Routing\\Pipeline->Illuminate\\Routing\\{closure}()
#16 /home/geowan/Desktop/devapps/freelancer-projects/business_landing_v1/vendor/laravel/framework/src/Illuminate/Pipeline/Pipeline.php(163): Illuminate\\Foundation\\Http\\Middleware\\VerifyCsrfToken->handle()
#17 /home/geowan/Desktop/devapps/freelancer-projects/business_landing_v1/vendor/laravel/framework/src/Illuminate/Routing/Pipeline.php(53): Illuminate\\Pipeline\\Pipeline->Illuminate\\Pipeline\\{closure}()
#18 /home/geowan/Desktop/devapps/freelancer-projects/business_landing_v1/vendor/laravel/framework/src/Illuminate/View/Middleware/ShareErrorsFromSession.php(49): Illuminate\\Routing\\Pipeline->Illuminate\\Routing\\{closure}()
#19 /home/geowan/Desktop/devapps/freelancer-projects/business_landing_v1/vendor/laravel/framework/src/Illuminate/Pipeline/Pipeline.php(163): Illuminate\\View\\Middleware\\ShareErrorsFromSession->handle()
#20 /home/geowan/Desktop/devapps/freelancer-projects/business_landing_v1/vendor/laravel/framework/src/Illuminate/Routing/Pipeline.php(53): Illuminate\\Pipeline\\Pipeline->Illuminate\\Pipeline\\{closure}()
#21 /home/geowan/Desktop/devapps/freelancer-projects/business_landing_v1/vendor/laravel/framework/src/Illuminate/Session/Middleware/StartSession.php(56): Illuminate\\Routing\\Pipeline->Illuminate\\Routing\\{closure}()
#22 /home/geowan/Desktop/devapps/freelancer-projects/business_landing_v1/vendor/laravel/framework/src/Illuminate/Pipeline/Pipeline.php(163): Illuminate\\Session\\Middleware\\StartSession->handle()
#23 /home/geowan/Desktop/devapps/freelancer-projects/business_landing_v1/vendor/laravel/framework/src/Illuminate/Routing/Pipeline.php(53): Illuminate\\Pipeline\\Pipeline->Illuminate\\Pipeline\\{closure}()
#24 /home/geowan/Desktop/devapps/freelancer-projects/business_landing_v1/vendor/laravel/framework/src/Illuminate/Cookie/Middleware/AddQueuedCookiesToResponse.php(37): Illuminate\\Routing\\Pipeline->Illuminate\\Routing\\{closure}()
#25 /home/geowan/Desktop/devapps/freelancer-projects/business_landing_v1/vendor/laravel/framework/src/Illuminate/Pipeline/Pipeline.php(163): Illuminate\\Cookie\\Middleware\\AddQueuedCookiesToResponse->handle()
#26 /home/geowan/Desktop/devapps/freelancer-projects/business_landing_v1/vendor/laravel/framework/src/Illuminate/Routing/Pipeline.php(53): Illuminate\\Pipeline\\Pipeline->Illuminate\\Pipeline\\{closure}()
#27 /home/geowan/Desktop/devapps/freelancer-projects/business_landing_v1/vendor/laravel/framework/src/Illuminate/Cookie/Middleware/EncryptCookies.php(66): Illuminate\\Routing\\Pipeline->Illuminate\\Routing\\{closure}()
#28 /home/geowan/Desktop/devapps/freelancer-projects/business_landing_v1/vendor/laravel/framework/src/Illuminate/Pipeline/Pipeline.php(163): Illuminate\\Cookie\\Middleware\\EncryptCookies->handle()
#29 /home/geowan/Desktop/devapps/freelancer-projects/business_landing_v1/vendor/laravel/framework/src/Illuminate/Routing/Pipeline.php(53): Illuminate\\Pipeline\\Pipeline->Illuminate\\Pipeline\\{closure}()
#30 /home/geowan/Desktop/devapps/freelancer-projects/business_landing_v1/vendor/laravel/framework/src/Illuminate/Pipeline/Pipeline.php(104): Illuminate\\Routing\\Pipeline->Illuminate\\Routing\\{closure}()
#31 /home/geowan/Desktop/devapps/freelancer-projects/business_landing_v1/vendor/laravel/framework/src/Illuminate/Routing/Router.php(682): Illuminate\\Pipeline\\Pipeline->then()
#32 /home/geowan/Desktop/devapps/freelancer-projects/business_landing_v1/vendor/laravel/framework/src/Illuminate/Routing/Router.php(657): Illuminate\\Routing\\Router->runRouteWithinStack()
#33 /home/geowan/Desktop/devapps/freelancer-projects/business_landing_v1/vendor/laravel/framework/src/Illuminate/Routing/Router.php(623): Illuminate\\Routing\\Router->runRoute()
#34 /home/geowan/Desktop/devapps/freelancer-projects/business_landing_v1/vendor/laravel/framework/src/Illuminate/Routing/Router.php(612): Illuminate\\Routing\\Router->dispatchToRoute()
#35 /home/geowan/Desktop/devapps/freelancer-projects/business_landing_v1/vendor/laravel/framework/src/Illuminate/Foundation/Http/Kernel.php(176): Illuminate\\Routing\\Router->dispatch()
#36 /home/geowan/Desktop/devapps/freelancer-projects/business_landing_v1/vendor/laravel/framework/src/Illuminate/Routing/Pipeline.php(30): Illuminate\\Foundation\\Http\\Kernel->Illuminate\\Foundation\\Http\\{closure}()
#37 /home/geowan/Desktop/devapps/freelancer-projects/business_landing_v1/app/Http/Middleware/GenerateMenus.php(18): Illuminate\\Routing\\Pipeline->Illuminate\\Routing\\{closure}()
#38 /home/geowan/Desktop/devapps/freelancer-projects/business_landing_v1/vendor/laravel/framework/src/Illuminate/Pipeline/Pipeline.php(163): App\\Http\\Middleware\\GenerateMenus->handle()
#39 /home/geowan/Desktop/devapps/freelancer-projects/business_landing_v1/vendor/laravel/framework/src/Illuminate/Routing/Pipeline.php(53): Illuminate\\Pipeline\\Pipeline->Illuminate\\Pipeline\\{closure}()
#40 /home/geowan/Desktop/devapps/freelancer-projects/business_landing_v1/vendor/laravel/framework/src/Illuminate/Foundation/Http/Middleware/TransformsRequest.php(21): Illuminate\\Routing\\Pipeline->Illuminate\\Routing\\{closure}()
#41 /home/geowan/Desktop/devapps/freelancer-projects/business_landing_v1/vendor/laravel/framework/src/Illuminate/Pipeline/Pipeline.php(163): Illuminate\\Foundation\\Http\\Middleware\\TransformsRequest->handle()
#42 /home/geowan/Desktop/devapps/freelancer-projects/business_landing_v1/vendor/laravel/framework/src/Illuminate/Routing/Pipeline.php(53): Illuminate\\Pipeline\\Pipeline->Illuminate\\Pipeline\\{closure}()
#43 /home/geowan/Desktop/devapps/freelancer-projects/business_landing_v1/vendor/laravel/framework/src/Illuminate/Foundation/Http/Middleware/TransformsRequest.php(21): Illuminate\\Routing\\Pipeline->Illuminate\\Routing\\{closure}()
#44 /home/geowan/Desktop/devapps/freelancer-projects/business_landing_v1/vendor/laravel/framework/src/Illuminate/Pipeline/Pipeline.php(163): Illuminate\\Foundation\\Http\\Middleware\\TransformsRequest->handle()
#45 /home/geowan/Desktop/devapps/freelancer-projects/business_landing_v1/vendor/laravel/framework/src/Illuminate/Routing/Pipeline.php(53): Illuminate\\Pipeline\\Pipeline->Illuminate\\Pipeline\\{closure}()
#46 /home/geowan/Desktop/devapps/freelancer-projects/business_landing_v1/vendor/laravel/framework/src/Illuminate/Foundation/Http/Middleware/ValidatePostSize.php(27): Illuminate\\Routing\\Pipeline->Illuminate\\Routing\\{closure}()
#47 /home/geowan/Desktop/devapps/freelancer-projects/business_landing_v1/vendor/laravel/framework/src/Illuminate/Pipeline/Pipeline.php(163): Illuminate\\Foundation\\Http\\Middleware\\ValidatePostSize->handle()
#48 /home/geowan/Desktop/devapps/freelancer-projects/business_landing_v1/vendor/laravel/framework/src/Illuminate/Routing/Pipeline.php(53): Illuminate\\Pipeline\\Pipeline->Illuminate\\Pipeline\\{closure}()
#49 /home/geowan/Desktop/devapps/freelancer-projects/business_landing_v1/vendor/laravel/framework/src/Illuminate/Foundation/Http/Middleware/CheckForMaintenanceMode.php(62): Illuminate\\Routing\\Pipeline->Illuminate\\Routing\\{closure}()
#50 /home/geowan/Desktop/devapps/freelancer-projects/business_landing_v1/vendor/laravel/framework/src/Illuminate/Pipeline/Pipeline.php(163): Illuminate\\Foundation\\Http\\Middleware\\CheckForMaintenanceMode->handle()
#51 /home/geowan/Desktop/devapps/freelancer-projects/business_landing_v1/vendor/laravel/framework/src/Illuminate/Routing/Pipeline.php(53): Illuminate\\Pipeline\\Pipeline->Illuminate\\Pipeline\\{closure}()
#52 /home/geowan/Desktop/devapps/freelancer-projects/business_landing_v1/vendor/fideloper/proxy/src/TrustProxies.php(57): Illuminate\\Routing\\Pipeline->Illuminate\\Routing\\{closure}()
#53 /home/geowan/Desktop/devapps/freelancer-projects/business_landing_v1/vendor/laravel/framework/src/Illuminate/Pipeline/Pipeline.php(163): Fideloper\\Proxy\\TrustProxies->handle()
#54 /home/geowan/Desktop/devapps/freelancer-projects/business_landing_v1/vendor/laravel/framework/src/Illuminate/Routing/Pipeline.php(53): Illuminate\\Pipeline\\Pipeline->Illuminate\\Pipeline\\{closure}()
#55 /home/geowan/Desktop/devapps/freelancer-projects/business_landing_v1/vendor/laravel/framework/src/Illuminate/Pipeline/Pipeline.php(104): Illuminate\\Routing\\Pipeline->Illuminate\\Routing\\{closure}()
#56 /home/geowan/Desktop/devapps/freelancer-projects/business_landing_v1/vendor/laravel/framework/src/Illuminate/Foundation/Http/Kernel.php(151): Illuminate\\Pipeline\\Pipeline->then()
#57 /home/geowan/Desktop/devapps/freelancer-projects/business_landing_v1/vendor/laravel/framework/src/Illuminate/Foundation/Http/Kernel.php(116): Illuminate\\Foundation\\Http\\Kernel->sendRequestThroughRouter()
#58 /home/geowan/Desktop/devapps/freelancer-projects/business_landing_v1/public/index.php(55): Illuminate\\Foundation\\Http\\Kernel->handle()
#59 {main}
"} 
[2020-02-05 21:57:32] local.ERROR: json_decode() expects parameter 1 to be string, array given {"exception":"[object] (ErrorException(code: 0): json_decode() expects parameter 1 to be string, array given at /home/geowan/Desktop/devapps/freelancer-projects/business_landing_v1/app/Http/Controllers/TransactionHistoryController.php:12)
[stacktrace]
#0 [internal function]: Illuminate\\Foundation\\Bootstrap\\HandleExceptions->handleError()
#1 /home/geowan/Desktop/devapps/freelancer-projects/business_landing_v1/app/Http/Controllers/TransactionHistoryController.php(12): json_decode()
#2 [internal function]: App\\Http\\Controllers\\TransactionHistoryController->getHistory()
#3 /home/geowan/Desktop/devapps/freelancer-projects/business_landing_v1/vendor/laravel/framework/src/Illuminate/Routing/Controller.php(54): call_user_func_array()
#4 /home/geowan/Desktop/devapps/freelancer-projects/business_landing_v1/vendor/laravel/framework/src/Illuminate/Routing/ControllerDispatcher.php(45): Illuminate\\Routing\\Controller->callAction()
#5 /home/geowan/Desktop/devapps/freelancer-projects/business_landing_v1/vendor/laravel/framework/src/Illuminate/Routing/Route.php(219): Illuminate\\Routing\\ControllerDispatcher->dispatch()
#6 /home/geowan/Desktop/devapps/freelancer-projects/business_landing_v1/vendor/laravel/framework/src/Illuminate/Routing/Route.php(176): Illuminate\\Routing\\Route->runController()
#7 /home/geowan/Desktop/devapps/freelancer-projects/business_landing_v1/vendor/laravel/framework/src/Illuminate/Routing/Router.php(680): Illuminate\\Routing\\Route->run()
#8 /home/geowan/Desktop/devapps/freelancer-projects/business_landing_v1/vendor/laravel/framework/src/Illuminate/Routing/Pipeline.php(30): Illuminate\\Routing\\Router->Illuminate\\Routing\\{closure}()
#9 /home/geowan/Desktop/devapps/freelancer-projects/business_landing_v1/vendor/laravel/framework/src/Illuminate/Routing/Middleware/SubstituteBindings.php(41): Illuminate\\Routing\\Pipeline->Illuminate\\Routing\\{closure}()
#10 /home/geowan/Desktop/devapps/freelancer-projects/business_landing_v1/vendor/laravel/framework/src/Illuminate/Pipeline/Pipeline.php(163): Illuminate\\Routing\\Middleware\\SubstituteBindings->handle()
#11 /home/geowan/Desktop/devapps/freelancer-projects/business_landing_v1/vendor/laravel/framework/src/Illuminate/Routing/Pipeline.php(53): Illuminate\\Pipeline\\Pipeline->Illuminate\\Pipeline\\{closure}()
#12 /home/geowan/Desktop/devapps/freelancer-projects/business_landing_v1/vendor/laravel/framework/src/Illuminate/Foundation/Http/Middleware/VerifyCsrfToken.php(75): Illuminate\\Routing\\Pipeline->Illuminate\\Routing\\{closure}()
#13 /home/geowan/Desktop/devapps/freelancer-projects/business_landing_v1/vendor/laravel/framework/src/Illuminate/Pipeline/Pipeline.php(163): Illuminate\\Foundation\\Http\\Middleware\\VerifyCsrfToken->handle()
#14 /home/geowan/Desktop/devapps/freelancer-projects/business_landing_v1/vendor/laravel/framework/src/Illuminate/Routing/Pipeline.php(53): Illuminate\\Pipeline\\Pipeline->Illuminate\\Pipeline\\{closure}()
#15 /home/geowan/Desktop/devapps/freelancer-projects/business_landing_v1/vendor/laravel/framework/src/Illuminate/View/Middleware/ShareErrorsFromSession.php(49): Illuminate\\Routing\\Pipeline->Illuminate\\Routing\\{closure}()
#16 /home/geowan/Desktop/devapps/freelancer-projects/business_landing_v1/vendor/laravel/framework/src/Illuminate/Pipeline/Pipeline.php(163): Illuminate\\View\\Middleware\\ShareErrorsFromSession->handle()
#17 /home/geowan/Desktop/devapps/freelancer-projects/business_landing_v1/vendor/laravel/framework/src/Illuminate/Routing/Pipeline.php(53): Illuminate\\Pipeline\\Pipeline->Illuminate\\Pipeline\\{closure}()
#18 /home/geowan/Desktop/devapps/freelancer-projects/business_landing_v1/vendor/laravel/framework/src/Illuminate/Session/Middleware/StartSession.php(56): Illuminate\\Routing\\Pipeline->Illuminate\\Routing\\{closure}()
#19 /home/geowan/Desktop/devapps/freelancer-projects/business_landing_v1/vendor/laravel/framework/src/Illuminate/Pipeline/Pipeline.php(163): Illuminate\\Session\\Middleware\\StartSession->handle()
#20 /home/geowan/Desktop/devapps/freelancer-projects/business_landing_v1/vendor/laravel/framework/src/Illuminate/Routing/Pipeline.php(53): Illuminate\\Pipeline\\Pipeline->Illuminate\\Pipeline\\{closure}()
#21 /home/geowan/Desktop/devapps/freelancer-projects/business_landing_v1/vendor/laravel/framework/src/Illuminate/Cookie/Middleware/AddQueuedCookiesToResponse.php(37): Illuminate\\Routing\\Pipeline->Illuminate\\Routing\\{closure}()
#22 /home/geowan/Desktop/devapps/freelancer-projects/business_landing_v1/vendor/laravel/framework/src/Illuminate/Pipeline/Pipeline.php(163): Illuminate\\Cookie\\Middleware\\AddQueuedCookiesToResponse->handle()
#23 /home/geowan/Desktop/devapps/freelancer-projects/business_landing_v1/vendor/laravel/framework/src/Illuminate/Routing/Pipeline.php(53): Illuminate\\Pipeline\\Pipeline->Illuminate\\Pipeline\\{closure}()
#24 /home/geowan/Desktop/devapps/freelancer-projects/business_landing_v1/vendor/laravel/framework/src/Illuminate/Cookie/Middleware/EncryptCookies.php(66): Illuminate\\Routing\\Pipeline->Illuminate\\Routing\\{closure}()
#25 /home/geowan/Desktop/devapps/freelancer-projects/business_landing_v1/vendor/laravel/framework/src/Illuminate/Pipeline/Pipeline.php(163): Illuminate\\Cookie\\Middleware\\EncryptCookies->handle()
#26 /home/geowan/Desktop/devapps/freelancer-projects/business_landing_v1/vendor/laravel/framework/src/Illuminate/Routing/Pipeline.php(53): Illuminate\\Pipeline\\Pipeline->Illuminate\\Pipeline\\{closure}()
#27 /home/geowan/Desktop/devapps/freelancer-projects/business_landing_v1/vendor/laravel/framework/src/Illuminate/Pipeline/Pipeline.php(104): Illuminate\\Routing\\Pipeline->Illuminate\\Routing\\{closure}()
#28 /home/geowan/Desktop/devapps/freelancer-projects/business_landing_v1/vendor/laravel/framework/src/Illuminate/Routing/Router.php(682): Illuminate\\Pipeline\\Pipeline->then()
#29 /home/geowan/Desktop/devapps/freelancer-projects/business_landing_v1/vendor/laravel/framework/src/Illuminate/Routing/Router.php(657): Illuminate\\Routing\\Router->runRouteWithinStack()
#30 /home/geowan/Desktop/devapps/freelancer-projects/business_landing_v1/vendor/laravel/framework/src/Illuminate/Routing/Router.php(623): Illuminate\\Routing\\Router->runRoute()
#31 /home/geowan/Desktop/devapps/freelancer-projects/business_landing_v1/vendor/laravel/framework/src/Illuminate/Routing/Router.php(612): Illuminate\\Routing\\Router->dispatchToRoute()
#32 /home/geowan/Desktop/devapps/freelancer-projects/business_landing_v1/vendor/laravel/framework/src/Illuminate/Foundation/Http/Kernel.php(176): Illuminate\\Routing\\Router->dispatch()
#33 /home/geowan/Desktop/devapps/freelancer-projects/business_landing_v1/vendor/laravel/framework/src/Illuminate/Routing/Pipeline.php(30): Illuminate\\Foundation\\Http\\Kernel->Illuminate\\Foundation\\Http\\{closure}()
#34 /home/geowan/Desktop/devapps/freelancer-projects/business_landing_v1/app/Http/Middleware/GenerateMenus.php(18): Illuminate\\Routing\\Pipeline->Illuminate\\Routing\\{closure}()
#35 /home/geowan/Desktop/devapps/freelancer-projects/business_landing_v1/vendor/laravel/framework/src/Illuminate/Pipeline/Pipeline.php(163): App\\Http\\Middleware\\GenerateMenus->handle()
#36 /home/geowan/Desktop/devapps/freelancer-projects/business_landing_v1/vendor/laravel/framework/src/Illuminate/Routing/Pipeline.php(53): Illuminate\\Pipeline\\Pipeline->Illuminate\\Pipeline\\{closure}()
#37 /home/geowan/Desktop/devapps/freelancer-projects/business_landing_v1/vendor/laravel/framework/src/Illuminate/Foundation/Http/Middleware/TransformsRequest.php(21): Illuminate\\Routing\\Pipeline->Illuminate\\Routing\\{closure}()
#38 /home/geowan/Desktop/devapps/freelancer-projects/business_landing_v1/vendor/laravel/framework/src/Illuminate/Pipeline/Pipeline.php(163): Illuminate\\Foundation\\Http\\Middleware\\TransformsRequest->handle()
#39 /home/geowan/Desktop/devapps/freelancer-projects/business_landing_v1/vendor/laravel/framework/src/Illuminate/Routing/Pipeline.php(53): Illuminate\\Pipeline\\Pipeline->Illuminate\\Pipeline\\{closure}()
#40 /home/geowan/Desktop/devapps/freelancer-projects/business_landing_v1/vendor/laravel/framework/src/Illuminate/Foundation/Http/Middleware/TransformsRequest.php(21): Illuminate\\Routing\\Pipeline->Illuminate\\Routing\\{closure}()
#41 /home/geowan/Desktop/devapps/freelancer-projects/business_landing_v1/vendor/laravel/framework/src/Illuminate/Pipeline/Pipeline.php(163): Illuminate\\Foundation\\Http\\Middleware\\TransformsRequest->handle()
#42 /home/geowan/Desktop/devapps/freelancer-projects/business_landing_v1/vendor/laravel/framework/src/Illuminate/Routing/Pipeline.php(53): Illuminate\\Pipeline\\Pipeline->Illuminate\\Pipeline\\{closure}()
#43 /home/geowan/Desktop/devapps/freelancer-projects/business_landing_v1/vendor/laravel/framework/src/Illuminate/Foundation/Http/Middleware/ValidatePostSize.php(27): Illuminate\\Routing\\Pipeline->Illuminate\\Routing\\{closure}()
#44 /home/geowan/Desktop/devapps/freelancer-projects/business_landing_v1/vendor/laravel/framework/src/Illuminate/Pipeline/Pipeline.php(163): Illuminate\\Foundation\\Http\\Middleware\\ValidatePostSize->handle()
#45 /home/geowan/Desktop/devapps/freelancer-projects/business_landing_v1/vendor/laravel/framework/src/Illuminate/Routing/Pipeline.php(53): Illuminate\\Pipeline\\Pipeline->Illuminate\\Pipeline\\{closure}()
#46 /home/geowan/Desktop/devapps/freelancer-projects/business_landing_v1/vendor/laravel/framework/src/Illuminate/Foundation/Http/Middleware/CheckForMaintenanceMode.php(62): Illuminate\\Routing\\Pipeline->Illuminate\\Routing\\{closure}()
#47 /home/geowan/Desktop/devapps/freelancer-projects/business_landing_v1/vendor/laravel/framework/src/Illuminate/Pipeline/Pipeline.php(163): Illuminate\\Foundation\\Http\\Middleware\\CheckForMaintenanceMode->handle()
#48 /home/geowan/Desktop/devapps/freelancer-projects/business_landing_v1/vendor/laravel/framework/src/Illuminate/Routing/Pipeline.php(53): Illuminate\\Pipeline\\Pipeline->Illuminate\\Pipeline\\{closure}()
#49 /home/geowan/Desktop/devapps/freelancer-projects/business_landing_v1/vendor/fideloper/proxy/src/TrustProxies.php(57): Illuminate\\Routing\\Pipeline->Illuminate\\Routing\\{closure}()
#50 /home/geowan/Desktop/devapps/freelancer-projects/business_landing_v1/vendor/laravel/framework/src/Illuminate/Pipeline/Pipeline.php(163): Fideloper\\Proxy\\TrustProxies->handle()
#51 /home/geowan/Desktop/devapps/freelancer-projects/business_landing_v1/vendor/laravel/framework/src/Illuminate/Routing/Pipeline.php(53): Illuminate\\Pipeline\\Pipeline->Illuminate\\Pipeline\\{closure}()
#52 /home/geowan/Desktop/devapps/freelancer-projects/business_landing_v1/vendor/laravel/framework/src/Illuminate/Pipeline/Pipeline.php(104): Illuminate\\Routing\\Pipeline->Illuminate\\Routing\\{closure}()
#53 /home/geowan/Desktop/devapps/freelancer-projects/business_landing_v1/vendor/laravel/framework/src/Illuminate/Foundation/Http/Kernel.php(151): Illuminate\\Pipeline\\Pipeline->then()
#54 /home/geowan/Desktop/devapps/freelancer-projects/business_landing_v1/vendor/laravel/framework/src/Illuminate/Foundation/Http/Kernel.php(116): Illuminate\\Foundation\\Http\\Kernel->sendRequestThroughRouter()
#55 /home/geowan/Desktop/devapps/freelancer-projects/business_landing_v1/public/index.php(55): Illuminate\\Foundation\\Http\\Kernel->handle()
#56 {main}
"} 
[2020-02-05 22:22:09] local.ERROR: Class App\Http\Controllers\AdminController does not exist {"exception":"[object] (ReflectionException(code: -1): Class App\\Http\\Controllers\\AdminController does not exist at /home/geowan/Desktop/devapps/freelancer-projects/business_landing_v1/vendor/laravel/framework/src/Illuminate/Container/Container.php:788)
[stacktrace]
#0 /home/geowan/Desktop/devapps/freelancer-projects/business_landing_v1/vendor/laravel/framework/src/Illuminate/Container/Container.php(788): ReflectionClass->__construct()
#1 /home/geowan/Desktop/devapps/freelancer-projects/business_landing_v1/vendor/laravel/framework/src/Illuminate/Container/Container.php(667): Illuminate\\Container\\Container->build()
#2 /home/geowan/Desktop/devapps/freelancer-projects/business_landing_v1/vendor/laravel/framework/src/Illuminate/Container/Container.php(615): Illuminate\\Container\\Container->resolve()
#3 /home/geowan/Desktop/devapps/freelancer-projects/business_landing_v1/vendor/laravel/framework/src/Illuminate/Foundation/Application.php(767): Illuminate\\Container\\Container->make()
#4 /home/geowan/Desktop/devapps/freelancer-projects/business_landing_v1/vendor/laravel/framework/src/Illuminate/Routing/Route.php(233): Illuminate\\Foundation\\Application->make()
#5 /home/geowan/Desktop/devapps/freelancer-projects/business_landing_v1/vendor/laravel/framework/src/Illuminate/Routing/Route.php(833): Illuminate\\Routing\\Route->getController()
#6 /home/geowan/Desktop/devapps/freelancer-projects/business_landing_v1/vendor/laravel/framework/src/Illuminate/Routing/Route.php(794): Illuminate\\Routing\\Route->controllerMiddleware()
#7 /home/geowan/Desktop/devapps/freelancer-projects/business_landing_v1/vendor/laravel/framework/src/Illuminate/Routing/Router.php(693): Illuminate\\Routing\\Route->gatherMiddleware()
#8 /home/geowan/Desktop/devapps/freelancer-projects/business_landing_v1/vendor/laravel/framework/src/Illuminate/Routing/Router.php(673): Illuminate\\Routing\\Router->gatherRouteMiddleware()
#9 /home/geowan/Desktop/devapps/freelancer-projects/business_landing_v1/vendor/laravel/framework/src/Illuminate/Routing/Router.php(657): Illuminate\\Routing\\Router->runRouteWithinStack()
#10 /home/geowan/Desktop/devapps/freelancer-projects/business_landing_v1/vendor/laravel/framework/src/Illuminate/Routing/Router.php(623): Illuminate\\Routing\\Router->runRoute()
#11 /home/geowan/Desktop/devapps/freelancer-projects/business_landing_v1/vendor/laravel/framework/src/Illuminate/Routing/Router.php(612): Illuminate\\Routing\\Router->dispatchToRoute()
#12 /home/geowan/Desktop/devapps/freelancer-projects/business_landing_v1/vendor/laravel/framework/src/Illuminate/Foundation/Http/Kernel.php(176): Illuminate\\Routing\\Router->dispatch()
#13 /home/geowan/Desktop/devapps/freelancer-projects/business_landing_v1/vendor/laravel/framework/src/Illuminate/Routing/Pipeline.php(30): Illuminate\\Foundation\\Http\\Kernel->Illuminate\\Foundation\\Http\\{closure}()
#14 /home/geowan/Desktop/devapps/freelancer-projects/business_landing_v1/app/Http/Middleware/GenerateMenus.php(18): Illuminate\\Routing\\Pipeline->Illuminate\\Routing\\{closure}()
#15 /home/geowan/Desktop/devapps/freelancer-projects/business_landing_v1/vendor/laravel/framework/src/Illuminate/Pipeline/Pipeline.php(163): App\\Http\\Middleware\\GenerateMenus->handle()
#16 /home/geowan/Desktop/devapps/freelancer-projects/business_landing_v1/vendor/laravel/framework/src/Illuminate/Routing/Pipeline.php(53): Illuminate\\Pipeline\\Pipeline->Illuminate\\Pipeline\\{closure}()
#17 /home/geowan/Desktop/devapps/freelancer-projects/business_landing_v1/vendor/laravel/framework/src/Illuminate/Foundation/Http/Middleware/TransformsRequest.php(21): Illuminate\\Routing\\Pipeline->Illuminate\\Routing\\{closure}()
#18 /home/geowan/Desktop/devapps/freelancer-projects/business_landing_v1/vendor/laravel/framework/src/Illuminate/Pipeline/Pipeline.php(163): Illuminate\\Foundation\\Http\\Middleware\\TransformsRequest->handle()
#19 /home/geowan/Desktop/devapps/freelancer-projects/business_landing_v1/vendor/laravel/framework/src/Illuminate/Routing/Pipeline.php(53): Illuminate\\Pipeline\\Pipeline->Illuminate\\Pipeline\\{closure}()
#20 /home/geowan/Desktop/devapps/freelancer-projects/business_landing_v1/vendor/laravel/framework/src/Illuminate/Foundation/Http/Middleware/TransformsRequest.php(21): Illuminate\\Routing\\Pipeline->Illuminate\\Routing\\{closure}()
#21 /home/geowan/Desktop/devapps/freelancer-projects/business_landing_v1/vendor/laravel/framework/src/Illuminate/Pipeline/Pipeline.php(163): Illuminate\\Foundation\\Http\\Middleware\\TransformsRequest->handle()
#22 /home/geowan/Desktop/devapps/freelancer-projects/business_landing_v1/vendor/laravel/framework/src/Illuminate/Routing/Pipeline.php(53): Illuminate\\Pipeline\\Pipeline->Illuminate\\Pipeline\\{closure}()
#23 /home/geowan/Desktop/devapps/freelancer-projects/business_landing_v1/vendor/laravel/framework/src/Illuminate/Foundation/Http/Middleware/ValidatePostSize.php(27): Illuminate\\Routing\\Pipeline->Illuminate\\Routing\\{closure}()
#24 /home/geowan/Desktop/devapps/freelancer-projects/business_landing_v1/vendor/laravel/framework/src/Illuminate/Pipeline/Pipeline.php(163): Illuminate\\Foundation\\Http\\Middleware\\ValidatePostSize->handle()
#25 /home/geowan/Desktop/devapps/freelancer-projects/business_landing_v1/vendor/laravel/framework/src/Illuminate/Routing/Pipeline.php(53): Illuminate\\Pipeline\\Pipeline->Illuminate\\Pipeline\\{closure}()
#26 /home/geowan/Desktop/devapps/freelancer-projects/business_landing_v1/vendor/laravel/framework/src/Illuminate/Foundation/Http/Middleware/CheckForMaintenanceMode.php(62): Illuminate\\Routing\\Pipeline->Illuminate\\Routing\\{closure}()
#27 /home/geowan/Desktop/devapps/freelancer-projects/business_landing_v1/vendor/laravel/framework/src/Illuminate/Pipeline/Pipeline.php(163): Illuminate\\Foundation\\Http\\Middleware\\CheckForMaintenanceMode->handle()
#28 /home/geowan/Desktop/devapps/freelancer-projects/business_landing_v1/vendor/laravel/framework/src/Illuminate/Routing/Pipeline.php(53): Illuminate\\Pipeline\\Pipeline->Illuminate\\Pipeline\\{closure}()
#29 /home/geowan/Desktop/devapps/freelancer-projects/business_landing_v1/vendor/fideloper/proxy/src/TrustProxies.php(57): Illuminate\\Routing\\Pipeline->Illuminate\\Routing\\{closure}()
#30 /home/geowan/Desktop/devapps/freelancer-projects/business_landing_v1/vendor/laravel/framework/src/Illuminate/Pipeline/Pipeline.php(163): Fideloper\\Proxy\\TrustProxies->handle()
#31 /home/geowan/Desktop/devapps/freelancer-projects/business_landing_v1/vendor/laravel/framework/src/Illuminate/Routing/Pipeline.php(53): Illuminate\\Pipeline\\Pipeline->Illuminate\\Pipeline\\{closure}()
#32 /home/geowan/Desktop/devapps/freelancer-projects/business_landing_v1/vendor/laravel/framework/src/Illuminate/Pipeline/Pipeline.php(104): Illuminate\\Routing\\Pipeline->Illuminate\\Routing\\{closure}()
#33 /home/geowan/Desktop/devapps/freelancer-projects/business_landing_v1/vendor/laravel/framework/src/Illuminate/Foundation/Http/Kernel.php(151): Illuminate\\Pipeline\\Pipeline->then()
#34 /home/geowan/Desktop/devapps/freelancer-projects/business_landing_v1/vendor/laravel/framework/src/Illuminate/Foundation/Http/Kernel.php(116): Illuminate\\Foundation\\Http\\Kernel->sendRequestThroughRouter()
#35 /home/geowan/Desktop/devapps/freelancer-projects/business_landing_v1/public/index.php(55): Illuminate\\Foundation\\Http\\Kernel->handle()
#36 {main}
"} 
